Using launch settings from Backend\src\TaskManagement.API\Properties\launchSettings.json...
SQL Server is unavailable. Falling back to InMemory database for Development.
info: Microsoft.EntityFrameworkCore.Update[30100]
      Saved 7 entities to in-memory store.
info: Microsoft.EntityFrameworkCore.Update[30100]
      Saved 1 entities to in-memory store.
info: Microsoft.EntityFrameworkCore.Update[30100]
      Saved 1 entities to in-memory store.
info: Microsoft.EntityFrameworkCore.Update[30100]
      Saved 1 entities to in-memory store.
info: Microsoft.EntityFrameworkCore.Update[30100]
      Saved 1 entities to in-memory store.
info: Microsoft.EntityFrameworkCore.Update[30100]
      Saved 1 entities to in-memory store.
info: Microsoft.EntityFrameworkCore.Update[30100]
      Saved 3 entities to in-memory store.
info: Microsoft.EntityFrameworkCore.Update[30100]
      Saved 1 entities to in-memory store.
info: Microsoft.EntityFrameworkCore.Update[30100]
      Saved 3 entities to in-memory store.
info: Microsoft.EntityFrameworkCore.Update[30100]
      Saved 7 entities to in-memory store.
info: Microsoft.EntityFrameworkCore.Update[30100]
      Saved 4 entities to in-memory store.
info: TaskManagement.Infrastructure.Services.AuditLogWorker[0]
      AuditLogWorker is starting.
info: Microsoft.Hosting.Lifetime[14]
      Now listening on: http://localhost:5136
info: Microsoft.Hosting.Lifetime[0]
      Application started. Press Ctrl+C to shut down.
info: Microsoft.Hosting.Lifetime[0]
      Hosting environment: Development
info: Microsoft.Hosting.Lifetime[0]
      Content root path: C:\Users\tua46\OneDrive\Máy tính\DATN\QuanLyCongViec\Backend\src\TaskManagement.API
info: Microsoft.EntityFrameworkCore.Update[30100]
      Saved 2 entities to in-memory store.
